MACRO ASSEMBLER DELAY                                       12/19/120 14:12:07 PAGE     1


WIN32 MACRO ASSEMBLER A51 V6.03.08
OBJECT MODULE PLACED IN Z:\\1.6\DELAY.OBJ
ASSEMBLER INVOKED BY: A51.EXE Z:\\1.6\DELAY.ASM OJ(Z:\\1.6\DELAY.OBJ) PIN(C:\FSI\INC) EP LINES PR(Z:\\1.6\DELAY.LST) XR DB PW(80) RB(0) 

LOC     OBJ           LINE    SOURCE
                         1    
                         2    PUBLIC DELAY
                         3    DLY SEGMENT CODE 
                         4    
------                   5    RSEG DLY
                         6    
                         7    DELAY:  	
                         8    	
0000    7801             9    MOV R0, #1  ; 0,001 
                        10    COUNT0:  
0002    79C3            11    	MOV R1, #195 ; 0,001  100 	
                        12    COUNT1:  
0004    7AFF            13    		MOV R2, #255 ; 0,001  
                        14    COUNT2:   
0006    DAFE            15    			DJNZ R2, COUNT2 ; 0,002    
0008    D9FA            16    		DJNZ R1, COUNT1 ; 0,002 
000A    D8F6            17    	DJNZ R0, COUNT0 ; 0,002 	
000C    22              18    RET ; 0,002                                        
                        19    END 
MACRO ASSEMBLER DELAY                                       12/19/120 14:12:07 PAGE     2


SYMBOL TABLE LISTING
------ ----- -------


N A M E             T Y P E  V A L U E   ATTRIBUTES             REFERENCES

DLY. . . . . . . .  C SEG    000DH      REL=UNIT                5# 
DELAY. . . . . . .  C ADDR   0000H   R  SEG=DLY                 2 7# 
COUNT0 . . . . . .  C ADDR   0002H   R  SEG=DLY                 10# 17 
COUNT1 . . . . . .  C ADDR   0004H   R  SEG=DLY                 12# 16 
COUNT2 . . . . . .  C ADDR   0006H   R  SEG=DLY                 14# 15 



MODULE INFORMATION:   STATIC OVERLAYABLE
   CODE SIZE        =     13    ----
   XDATA SIZE       =   ----    ----
   DATA SIZE        =   ----    ----
   IDATA SIZE       =   ----    ----
   BIT SIZE         =   ----    ----
END OF MODULE INFORMATION.


REGISTER BANK(S) USED : 0 

ASSEMBLY COMPLETE.   0 WARNING(S)   0 ERROR(S)
