MACRO ASSEMBLER VARIABLES                                   12/19/120 14:12:07 PAGE     1


WIN32 MACRO ASSEMBLER A51 V6.03.08
OBJECT MODULE PLACED IN Z:\世挛\1.6\VARIABLES.OBJ
ASSEMBLER INVOKED BY: A51.EXE Z:\世挛\1.6\VARIABLES.ASM OJ(Z:\世挛\1.6\VARIABLES.OBJ) PIN(C:\FSI\INC) EP LINES PR(Z:\世挛\1.6\VARIABLES.LST) XR DB PW(80) RB(0) 

LOC     OBJ           LINE    SOURCE
                         1    PUBLIC MODENUMBER, DELAYDURATION
  0032                   2    	MODENUMBER DATA 32H
  0033                   3    	DELAYDURATION DATA 33H 
                         4    
                         5    
                         6    
                         7    
                         8    
                         9    
                        10    
                        11    
                        12    
                        13    
                        14    
                        15    
                        16    
                        17    
                        18    
                        19    
                        20    
                        21    
                        22    
                        23    
                        24    
                        25    
                        26    
                        27    
                        28    
                        29    
                        30    
                        31    
                        32    
                        33    
                        34    
                        35    
                        36    
                        37    
                        38    
                        39    
                        40    
                        41    
                        42    
                        43    
                        44    
                        45    
                        46    
                        47    
                        48    
                        49    
                        50    
                        51    
                        52    
                        53    
                        54    
                        55    
                        56    
                        57    
                        58    
                        59    
                        60    
                        61    
                        62    
                        63    
                        64    
                        65    
                        66    
                        67    
                        68    
                        69    
                        70    
                        71    
                        72    
                        73    
                        74    
                        75    
                        76    
                        77    
                        78    
                        79    
                        80    
                        81    
                        82    
                        83    
                        84    
                        85    
                        86    
                        87    
                        88    
                        89    
                        90    
                        91    
                        92    
                        93    
                        94    
                        95    
                        96    
                        97    
                        98    
                        99    
                       100    
                       101    
                       102    
                       103    
                       104    
                       105    
                       106    
                       107    
                       108    
                       109    
                       110    
                       111    
                       112    
                       113    
                       114    
                       115    
                       116    
                       117    
                       118    
                       119    
                       120    
                       121    
                       122    
                       123    
                       124    
                       125    
                       126    
                       127    
                       128    
                       129    
                       130    
                       131    
                       132    

*** WARNING #87 IN LINE 132 OF variables.asm : MISSING 'END' STATEMENT
MACRO ASSEMBLER VARIABLES                                   12/19/120 14:12:07 PAGE     2


SYMBOL TABLE LISTING
------ ----- -------


N A M E             T Y P E  V A L U E   ATTRIBUTES             REFERENCES

MODENUMBER . . . .  D ADDR   0032H   A                          1 2# 
DELAYDURATION. . .  D ADDR   0033H   A                          1 3# 



MODULE INFORMATION:   STATIC OVERLAYABLE
   CODE SIZE        =   ----    ----
   XDATA SIZE       =   ----    ----
   DATA SIZE        =   ----    ----
   IDATA SIZE       =   ----    ----
   BIT SIZE         =   ----    ----
END OF MODULE INFORMATION.


REGISTER BANK(S) USED : 0 

ASSEMBLY COMPLETE.   1 WARNING(S)   0 ERROR(S)
