Warning[205] C:\USERS\LAPTE\DOCUMENTS\4_COURSE\MPS\22\DELENIE.ASM 2 : Found directive in column 1. (include)
Message[301] D:\MICROCHIP\MPASM SUITE\P16F84.INC 37 : MESSAGE: (Processor-header file mismatch.  Verify selected processor.)
Warning[205] C:\USERS\LAPTE\DOCUMENTS\4_COURSE\MPS\22\DELENIE.ASM 15 : Found directive in column 1. (ORG)
Warning[203] C:\USERS\LAPTE\DOCUMENTS\4_COURSE\MPS\22\DELENIE.ASM 16 : Found opcode in column 1. (GOTO)
Warning[203] C:\USERS\LAPTE\DOCUMENTS\4_COURSE\MPS\22\DELENIE.ASM 19 : Found opcode in column 1. (BCF)
Warning[203] C:\USERS\LAPTE\DOCUMENTS\4_COURSE\MPS\22\DELENIE.ASM 20 : Found opcode in column 1. (BSF)
Warning[203] C:\USERS\LAPTE\DOCUMENTS\4_COURSE\MPS\22\DELENIE.ASM 21 : Found opcode in column 1. (MOVLW)
Warning[203] C:\USERS\LAPTE\DOCUMENTS\4_COURSE\MPS\22\DELENIE.ASM 22 : Found opcode in column 1. (MOVWF)
Message[302] C:\USERS\LAPTE\DOCUMENTS\4_COURSE\MPS\22\DELENIE.ASM 22 : Register in operand not in bank 0.  Ensure that bank bits are correct.
Warning[203] C:\USERS\LAPTE\DOCUMENTS\4_COURSE\MPS\22\DELENIE.ASM 25 : Found opcode in column 1. (BCF)
Warning[203] C:\USERS\LAPTE\DOCUMENTS\4_COURSE\MPS\22\DELENIE.ASM 26 : Found opcode in column 1. (MOVF)
Warning[203] C:\USERS\LAPTE\DOCUMENTS\4_COURSE\MPS\22\DELENIE.ASM 27 : Found opcode in column 1. (MOVWF)
Warning[203] C:\USERS\LAPTE\DOCUMENTS\4_COURSE\MPS\22\DELENIE.ASM 28 : Found opcode in column 1. (MOVF)
Warning[203] C:\USERS\LAPTE\DOCUMENTS\4_COURSE\MPS\22\DELENIE.ASM 29 : Found opcode in column 1. (MOVWF)
Warning[203] C:\USERS\LAPTE\DOCUMENTS\4_COURSE\MPS\22\DELENIE.ASM 32 : Found opcode in column 1. (BCF)
Warning[203] C:\USERS\LAPTE\DOCUMENTS\4_COURSE\MPS\22\DELENIE.ASM 33 : Found opcode in column 1. (MOVLW)
Warning[203] C:\USERS\LAPTE\DOCUMENTS\4_COURSE\MPS\22\DELENIE.ASM 34 : Found opcode in column 1. (MOVWF)
Warning[203] C:\USERS\LAPTE\DOCUMENTS\4_COURSE\MPS\22\DELENIE.ASM 35 : Found opcode in column 1. (BSF)
Warning[203] C:\USERS\LAPTE\DOCUMENTS\4_COURSE\MPS\22\DELENIE.ASM 36 : Found opcode in column 1. (BSF)
Message[302] C:\USERS\LAPTE\DOCUMENTS\4_COURSE\MPS\22\DELENIE.ASM 36 : Register in operand not in bank 0.  Ensure that bank bits are correct.
Warning[203] C:\USERS\LAPTE\DOCUMENTS\4_COURSE\MPS\22\DELENIE.ASM 37 : Found opcode in column 1. (BCF)
Warning[203] C:\USERS\LAPTE\DOCUMENTS\4_COURSE\MPS\22\DELENIE.ASM 38 : Found opcode in column 1. (MOVF)
Warning[203] C:\USERS\LAPTE\DOCUMENTS\4_COURSE\MPS\22\DELENIE.ASM 39 : Found opcode in column 1. (MOVWF)
Warning[203] C:\USERS\LAPTE\DOCUMENTS\4_COURSE\MPS\22\DELENIE.ASM 41 : Found opcode in column 1. (BCF)
Warning[203] C:\USERS\LAPTE\DOCUMENTS\4_COURSE\MPS\22\DELENIE.ASM 42 : Found opcode in column 1. (MOVLW)
Warning[203] C:\USERS\LAPTE\DOCUMENTS\4_COURSE\MPS\22\DELENIE.ASM 43 : Found opcode in column 1. (MOVWF)
Warning[203] C:\USERS\LAPTE\DOCUMENTS\4_COURSE\MPS\22\DELENIE.ASM 44 : Found opcode in column 1. (BSF)
Warning[203] C:\USERS\LAPTE\DOCUMENTS\4_COURSE\MPS\22\DELENIE.ASM 45 : Found opcode in column 1. (BSF)
Message[302] C:\USERS\LAPTE\DOCUMENTS\4_COURSE\MPS\22\DELENIE.ASM 45 : Register in operand not in bank 0.  Ensure that bank bits are correct.
Warning[203] C:\USERS\LAPTE\DOCUMENTS\4_COURSE\MPS\22\DELENIE.ASM 46 : Found opcode in column 1. (BCF)
Warning[203] C:\USERS\LAPTE\DOCUMENTS\4_COURSE\MPS\22\DELENIE.ASM 47 : Found opcode in column 1. (MOVF)
Warning[203] C:\USERS\LAPTE\DOCUMENTS\4_COURSE\MPS\22\DELENIE.ASM 48 : Found opcode in column 1. (MOVWF)
Warning[203] C:\USERS\LAPTE\DOCUMENTS\4_COURSE\MPS\22\DELENIE.ASM 50 : Found opcode in column 1. (GOTO)
Warning[207] C:\USERS\LAPTE\DOCUMENTS\4_COURSE\MPS\22\DELENIE.ASM 65 : Found label after column 1. (RetCycle)
Warning[203] C:\USERS\LAPTE\DOCUMENTS\4_COURSE\MPS\22\DELENIE.ASM 73 : Found opcode in column 1. (GOTO)
Warning[203] C:\USERS\LAPTE\DOCUMENTS\4_COURSE\MPS\22\DELENIE.ASM 79 : Found opcode in column 1. (GOTO)
Warning[203] C:\USERS\LAPTE\DOCUMENTS\4_COURSE\MPS\22\DELENIE.ASM 94 : Found opcode in column 1. (MOVLW)
Warning[203] C:\USERS\LAPTE\DOCUMENTS\4_COURSE\MPS\22\DELENIE.ASM 95 : Found opcode in column 1. (MOVWF)
Warning[203] C:\USERS\LAPTE\DOCUMENTS\4_COURSE\MPS\22\DELENIE.ASM 96 : Found opcode in column 1. (MOVLW)
Warning[203] C:\USERS\LAPTE\DOCUMENTS\4_COURSE\MPS\22\DELENIE.ASM 97 : Found opcode in column 1. (MOVWF)
Warning[203] C:\USERS\LAPTE\DOCUMENTS\4_COURSE\MPS\22\DELENIE.ASM 98 : Found opcode in column 1. (MOVLW)
Warning[203] C:\USERS\LAPTE\DOCUMENTS\4_COURSE\MPS\22\DELENIE.ASM 99 : Found opcode in column 1. (MOVWF)
Warning[203] C:\USERS\LAPTE\DOCUMENTS\4_COURSE\MPS\22\DELENIE.ASM 102 : Found opcode in column 1. (MOVF)
Warning[203] C:\USERS\LAPTE\DOCUMENTS\4_COURSE\MPS\22\DELENIE.ASM 103 : Found opcode in column 1. (MOVWF)
Warning[203] C:\USERS\LAPTE\DOCUMENTS\4_COURSE\MPS\22\DELENIE.ASM 104 : Found opcode in column 1. (MOVF)
Warning[203] C:\USERS\LAPTE\DOCUMENTS\4_COURSE\MPS\22\DELENIE.ASM 105 : Found opcode in column 1. (MOVWF)
Warning[203] C:\USERS\LAPTE\DOCUMENTS\4_COURSE\MPS\22\DELENIE.ASM 106 : Found opcode in column 1. (MOVF)
Warning[203] C:\USERS\LAPTE\DOCUMENTS\4_COURSE\MPS\22\DELENIE.ASM 107 : Found opcode in column 1. (MOVWF)
Warning[203] C:\USERS\LAPTE\DOCUMENTS\4_COURSE\MPS\22\DELENIE.ASM 108 : Found opcode in column 1. (BCF)
Warning[203] C:\USERS\LAPTE\DOCUMENTS\4_COURSE\MPS\22\DELENIE.ASM 109 : Found opcode in column 1. (BSF)
Warning[203] C:\USERS\LAPTE\DOCUMENTS\4_COURSE\MPS\22\DELENIE.ASM 110 : Found opcode in column 1. (bsf)
Message[302] C:\USERS\LAPTE\DOCUMENTS\4_COURSE\MPS\22\DELENIE.ASM 110 : Register in operand not in bank 0.  Ensure that bank bits are correct.
Warning[203] C:\USERS\LAPTE\DOCUMENTS\4_COURSE\MPS\22\DELENIE.ASM 111 : Found opcode in column 1. (movlw)
Warning[203] C:\USERS\LAPTE\DOCUMENTS\4_COURSE\MPS\22\DELENIE.ASM 112 : Found opcode in column 1. (movwf)
Message[302] C:\USERS\LAPTE\DOCUMENTS\4_COURSE\MPS\22\DELENIE.ASM 112 : Register in operand not in bank 0.  Ensure that bank bits are correct.
Warning[203] C:\USERS\LAPTE\DOCUMENTS\4_COURSE\MPS\22\DELENIE.ASM 113 : Found opcode in column 1. (movlw)
Warning[203] C:\USERS\LAPTE\DOCUMENTS\4_COURSE\MPS\22\DELENIE.ASM 114 : Found opcode in column 1. (movwf)
Message[302] C:\USERS\LAPTE\DOCUMENTS\4_COURSE\MPS\22\DELENIE.ASM 114 : Register in operand not in bank 0.  Ensure that bank bits are correct.
Warning[203] C:\USERS\LAPTE\DOCUMENTS\4_COURSE\MPS\22\DELENIE.ASM 115 : Found opcode in column 1. (bsf)
Message[302] C:\USERS\LAPTE\DOCUMENTS\4_COURSE\MPS\22\DELENIE.ASM 115 : Register in operand not in bank 0.  Ensure that bank bits are correct.
Warning[203] C:\USERS\LAPTE\DOCUMENTS\4_COURSE\MPS\22\DELENIE.ASM 118 : Found opcode in column 1. (BTFSS)
Message[302] C:\USERS\LAPTE\DOCUMENTS\4_COURSE\MPS\22\DELENIE.ASM 118 : Register in operand not in bank 0.  Ensure that bank bits are correct.
Warning[203] C:\USERS\LAPTE\DOCUMENTS\4_COURSE\MPS\22\DELENIE.ASM 119 : Found opcode in column 1. (GOTO)
Warning[203] C:\USERS\LAPTE\DOCUMENTS\4_COURSE\MPS\22\DELENIE.ASM 120 : Found opcode in column 1. (BCF)
Message[302] C:\USERS\LAPTE\DOCUMENTS\4_COURSE\MPS\22\DELENIE.ASM 120 : Register in operand not in bank 0.  Ensure that bank bits are correct.
Warning[203] C:\USERS\LAPTE\DOCUMENTS\4_COURSE\MPS\22\DELENIE.ASM 121 : Found opcode in column 1. (BCF)
Warning[203] C:\USERS\LAPTE\DOCUMENTS\4_COURSE\MPS\22\DELENIE.ASM 122 : Found opcode in column 1. (INCF)
Message[305] C:\USERS\LAPTE\DOCUMENTS\4_COURSE\MPS\22\DELENIE.ASM 122 : Using default destination of 1 (file).
Warning[203] C:\USERS\LAPTE\DOCUMENTS\4_COURSE\MPS\22\DELENIE.ASM 123 : Found opcode in column 1. (INCF)
Message[305] C:\USERS\LAPTE\DOCUMENTS\4_COURSE\MPS\22\DELENIE.ASM 123 : Using default destination of 1 (file).
Warning[203] C:\USERS\LAPTE\DOCUMENTS\4_COURSE\MPS\22\DELENIE.ASM 124 : Found opcode in column 1. (DECFSZ)
Warning[203] C:\USERS\LAPTE\DOCUMENTS\4_COURSE\MPS\22\DELENIE.ASM 125 : Found opcode in column 1. (GOTO)
Warning[205] C:\USERS\LAPTE\DOCUMENTS\4_COURSE\MPS\22\DELENIE.ASM 126 : Found directive in column 1. (END)
