MPASM  5.1                       COUNTER.ASM   4-7-2023  17:58:13         PAGE  1


LOC  OBJECT CODE     LINE SOURCE TEXT
  VALUE

Warning[205]: Found directive in column 1. (include)
                      00001 include "p16f84.inc"
                      00001         LIST
                      00002 ; P16F84.INC  Standard Header File, Version 2.00    Microchip Technology, Inc.
Message[301]: MESSAGE: (Processor-header file mismatch.  Verify selected processor.)
                      00136         LIST
  00000010            00002 PushCounter EQU 10h;Счетчик нажатий
  00000011            00003 Counter0 EQU 11h; Delay
  00000012            00004 Counter1 EQU 12h; Delay
  00000013            00005 Counter2 EQU 13h; Delay
Warning[205]: Found directive in column 1. (org)
0000                  00006 org 0
                      00007 
Warning[203]: Found opcode in column 1. (GOTO)
0000   2801           00008 GOTO Start
0001                  00009 Start
Warning[203]: Found opcode in column 1. (BSF)
0001   1683           00010 BSF STATUS, RP0
Warning[203]: Found opcode in column 1. (MOVLW)
0002   301F           00011 MOVLW b'00011111'; А: 4-0 входы
Warning[203]: Found opcode in column 1. (MOVWF)
Message[302]: Register in operand not in bank 0.  Ensure that bank bits are correct.
0003   0085           00012 MOVWF TRISA; Заносим конфигурацию порта А
Warning[203]: Found opcode in column 1. (MOVLW)
0004   3000           00013 MOVLW b'00000000'; В: 7-0 выходы
Warning[203]: Found opcode in column 1. (MOVWF)
Message[302]: Register in operand not in bank 0.  Ensure that bank bits are correct.
0005   0086           00014 MOVWF TRISB; Заносим конфигурацию порта В
Warning[203]: Found opcode in column 1. (BCF)
0006   1283           00015 BCF STATUS, RP0; Выбираем банк памяти 0
Warning[203]: Found opcode in column 1. (MOVLW)
0007   3000           00016 MOVLW B'00000000'; инициализация порта B нулем
Warning[203]: Found opcode in column 1. (MOVWF)
0008   0086           00017 MOVWF PORTB
Warning[203]: Found opcode in column 1. (MOVLW)
Error[113]  : Symbol not previously defined (FFh)
0009   3000           00018 MOVLW FFh; инициализация счетчика FF
Warning[203]: Found opcode in column 1. (MOVWF)
000A   0090           00019 MOVWF PushCounter
                      00020 
000B                  00021 CheckPushButton; проверка на нажатие 0 кнопки
Warning[203]: Found opcode in column 1. (BTFSC)
Error[113]  : Symbol not previously defined (RA0)
000B   1805           00022 BTFSC PORTA,RA0
Warning[203]: Found opcode in column 1. (GOTO)
000C   280B           00023 GOTO CheckPushButton; если не нажата возвращаемся обратно
                      00024 
Warning[203]: Found opcode in column 1. (CALL)
000D   2014           00025 CALL Delay ; 10мс если нажата кнопка переходим на подпрограмму задержки(дребезг)
000E                  00026 CheckReleaseButton; кнопка отпущена
Warning[203]: Found opcode in column 1. (BTFSS)
Error[113]  : Symbol not previously defined (RA0)
000E   1C05           00027 BTFSS PORTA,RA0
MPASM  5.1                       COUNTER.ASM   4-7-2023  17:58:13         PAGE  2


LOC  OBJECT CODE     LINE SOURCE TEXT
  VALUE

Warning[203]: Found opcode in column 1. (GOTO)
000F   280E           00028 GOTO CheckReleaseButton
Warning[203]: Found opcode in column 1. (DECF)
Message[305]: Using default destination of 1 (file).
0010   0390           00029 DECF PushCounter; если кнопка отпущена декремент счетчика
Warning[204]: Found pseudo-op in column 1. (MOVFW)
0011   0810           00030 MOVFW PushCounter
Warning[203]: Found opcode in column 1. (MOVWF)
0012   0086           00031 MOVWF PORTB; вывод значения счетчика в порт B 
Warning[203]: Found opcode in column 1. (GOTO)
0013   280B           00032 GOTO CheckPushButton
0014                  00033 Delay
Warning[203]: Found opcode in column 1. (MOVLW)
0014   3002           00034 MOVLW 02h
Warning[203]: Found opcode in column 1. (MOVWF)
0015   0091           00035 MOVWF Counter0 ; мс
Warning[203]: Found opcode in column 1. (MOVLW)
0016   300D           00036 MOVLW 0Dh
Warning[203]: Found opcode in column 1. (MOVWF)
0017   0092           00037 MOVWF Counter1 ; мс
Warning[203]: Found opcode in column 1. (MOVLW)
0018   30FF           00038 MOVLW 0FFh
Warning[203]: Found opcode in column 1. (MOVWF)
0019   0093           00039 MOVWF Counter2 ; мс
001A                  00040 Count0
001A                  00041 Count1
001A                  00042 Count2
Warning[203]: Found opcode in column 1. (DECFSZ)
Message[305]: Using default destination of 1 (file).
001A   0B93           00043 DECFSZ Counter2
Warning[203]: Found opcode in column 1. (GOTO)
001B   281A           00044 GOTO Count2
Warning[203]: Found opcode in column 1. (DECFSZ)
Message[305]: Using default destination of 1 (file).
001C   0B92           00045 DECFSZ Counter1
Warning[203]: Found opcode in column 1. (GOTO)
001D   281A           00046 GOTO Count1
Warning[203]: Found opcode in column 1. (DECFSZ)
Message[305]: Using default destination of 1 (file).
001E   0B91           00047 DECFSZ Counter0
Warning[203]: Found opcode in column 1. (GOTO)
001F   281A           00048 GOTO Count0 ; мс
Warning[203]: Found opcode in column 1. (RETURN)
0020   0008           00049 RETURN ; мс
Warning[205]: Found directive in column 1. (END)
                      00050 END
MPASM  5.1                       COUNTER.ASM   4-7-2023  17:58:13         PAGE  3


SYMBOL TABLE
  LABEL                             VALUE 

C                                 00000000
CheckPushButton                   0000000B
CheckReleaseButton                0000000E
Count0                            0000001A
Count1                            0000001A
Count2                            0000001A
Counter0                          00000011
Counter1                          00000012
Counter2                          00000013
DC                                00000001
Delay                             00000014
EEADR                             00000009
EECON1                            00000088
EECON2                            00000089
EEDATA                            00000008
EEIE                              00000006
EEIF                              00000004
F                                 00000001
FSR                               00000004
GIE                               00000007
INDF                              00000000
INTCON                            0000000B
INTE                              00000004
INTEDG                            00000006
INTF                              00000001
IRP                               00000007
NOT_PD                            00000003
NOT_RBPU                          00000007
NOT_TO                            00000004
OPTION_REG                        00000081
PCL                               00000002
PCLATH                            0000000A
PORTA                             00000005
PORTB                             00000006
PS0                               00000000
PS1                               00000001
PS2                               00000002
PSA                               00000003
PushCounter                       00000010
RBIE                              00000003
RBIF                              00000000
RD                                00000000
RP0                               00000005
RP1                               00000006
STATUS                            00000003
Start                             00000001
T0CS                              00000005
T0IE                              00000005
T0IF                              00000002
T0SE                              00000004
TMR0                              00000001
TRISA                             00000085
TRISB                             00000086
MPASM  5.1                       COUNTER.ASM   4-7-2023  17:58:13         PAGE  4


SYMBOL TABLE
  LABEL                             VALUE 

W                                 00000000
WR                                00000001
WREN                              00000002
WRERR                             00000003
Z                                 00000002
_CP_OFF                           00003FFF
_CP_ON                            0000000F
_HS_OSC                           00003FFE
_LP_OSC                           00003FFC
_PWRTE_OFF                        00003FFF
_PWRTE_ON                         00003FF7
_RC_OSC                           00003FFF
_WDT_OFF                          00003FFB
_WDT_ON                           00003FFF
_XT_OSC                           00003FFD
__16F84A                          00000001


MEMORY USAGE MAP ('X' = Used,  '-' = Unused)

0000 : XXXXXXXXXXXXXXXX XXXXXXXXXXXXXXXX X--------------- ----------------

All other memory blocks unused.

Program Memory Words Used:    33
Program Memory Words Free:   991


Errors   :     3
Warnings :    36 reported,     0 suppressed
Messages :     7 reported,     0 suppressed

