Warning[205] C:\USERS\LAPTE\DOCUMENTS\4_COURSE\MPS\25\COUNTER.ASM 1 : Found directive in column 1. (include)
Message[301] D:\MICROCHIP\MPASM SUITE\P16F84.INC 37 : MESSAGE: (Processor-header file mismatch.  Verify selected processor.)
Warning[205] C:\USERS\LAPTE\DOCUMENTS\4_COURSE\MPS\25\COUNTER.ASM 6 : Found directive in column 1. (org)
Warning[203] C:\USERS\LAPTE\DOCUMENTS\4_COURSE\MPS\25\COUNTER.ASM 8 : Found opcode in column 1. (GOTO)
Warning[203] C:\USERS\LAPTE\DOCUMENTS\4_COURSE\MPS\25\COUNTER.ASM 10 : Found opcode in column 1. (BSF)
Warning[203] C:\USERS\LAPTE\DOCUMENTS\4_COURSE\MPS\25\COUNTER.ASM 11 : Found opcode in column 1. (MOVLW)
Warning[203] C:\USERS\LAPTE\DOCUMENTS\4_COURSE\MPS\25\COUNTER.ASM 12 : Found opcode in column 1. (MOVWF)
Message[302] C:\USERS\LAPTE\DOCUMENTS\4_COURSE\MPS\25\COUNTER.ASM 12 : Register in operand not in bank 0.  Ensure that bank bits are correct.
Warning[203] C:\USERS\LAPTE\DOCUMENTS\4_COURSE\MPS\25\COUNTER.ASM 13 : Found opcode in column 1. (MOVLW)
Warning[203] C:\USERS\LAPTE\DOCUMENTS\4_COURSE\MPS\25\COUNTER.ASM 14 : Found opcode in column 1. (MOVWF)
Message[302] C:\USERS\LAPTE\DOCUMENTS\4_COURSE\MPS\25\COUNTER.ASM 14 : Register in operand not in bank 0.  Ensure that bank bits are correct.
Warning[203] C:\USERS\LAPTE\DOCUMENTS\4_COURSE\MPS\25\COUNTER.ASM 15 : Found opcode in column 1. (BCF)
Warning[203] C:\USERS\LAPTE\DOCUMENTS\4_COURSE\MPS\25\COUNTER.ASM 16 : Found opcode in column 1. (MOVLW)
Warning[203] C:\USERS\LAPTE\DOCUMENTS\4_COURSE\MPS\25\COUNTER.ASM 17 : Found opcode in column 1. (MOVWF)
Warning[203] C:\USERS\LAPTE\DOCUMENTS\4_COURSE\MPS\25\COUNTER.ASM 18 : Found opcode in column 1. (MOVLW)
Error[113]   C:\USERS\LAPTE\DOCUMENTS\4_COURSE\MPS\25\COUNTER.ASM 18 : Symbol not previously defined (FFh)
Warning[203] C:\USERS\LAPTE\DOCUMENTS\4_COURSE\MPS\25\COUNTER.ASM 19 : Found opcode in column 1. (MOVWF)
Warning[203] C:\USERS\LAPTE\DOCUMENTS\4_COURSE\MPS\25\COUNTER.ASM 22 : Found opcode in column 1. (BTFSC)
Error[113]   C:\USERS\LAPTE\DOCUMENTS\4_COURSE\MPS\25\COUNTER.ASM 22 : Symbol not previously defined (RA0)
Warning[203] C:\USERS\LAPTE\DOCUMENTS\4_COURSE\MPS\25\COUNTER.ASM 23 : Found opcode in column 1. (GOTO)
Warning[203] C:\USERS\LAPTE\DOCUMENTS\4_COURSE\MPS\25\COUNTER.ASM 25 : Found opcode in column 1. (CALL)
Warning[203] C:\USERS\LAPTE\DOCUMENTS\4_COURSE\MPS\25\COUNTER.ASM 27 : Found opcode in column 1. (BTFSS)
Error[113]   C:\USERS\LAPTE\DOCUMENTS\4_COURSE\MPS\25\COUNTER.ASM 27 : Symbol not previously defined (RA0)
Warning[203] C:\USERS\LAPTE\DOCUMENTS\4_COURSE\MPS\25\COUNTER.ASM 28 : Found opcode in column 1. (GOTO)
Warning[203] C:\USERS\LAPTE\DOCUMENTS\4_COURSE\MPS\25\COUNTER.ASM 29 : Found opcode in column 1. (DECF)
Message[305] C:\USERS\LAPTE\DOCUMENTS\4_COURSE\MPS\25\COUNTER.ASM 29 : Using default destination of 1 (file).
Warning[204] C:\USERS\LAPTE\DOCUMENTS\4_COURSE\MPS\25\COUNTER.ASM 30 : Found pseudo-op in column 1. (MOVFW)
Warning[203] C:\USERS\LAPTE\DOCUMENTS\4_COURSE\MPS\25\COUNTER.ASM 31 : Found opcode in column 1. (MOVWF)
Warning[203] C:\USERS\LAPTE\DOCUMENTS\4_COURSE\MPS\25\COUNTER.ASM 32 : Found opcode in column 1. (GOTO)
Warning[203] C:\USERS\LAPTE\DOCUMENTS\4_COURSE\MPS\25\COUNTER.ASM 34 : Found opcode in column 1. (MOVLW)
Warning[203] C:\USERS\LAPTE\DOCUMENTS\4_COURSE\MPS\25\COUNTER.ASM 35 : Found opcode in column 1. (MOVWF)
Warning[203] C:\USERS\LAPTE\DOCUMENTS\4_COURSE\MPS\25\COUNTER.ASM 36 : Found opcode in column 1. (MOVLW)
Warning[203] C:\USERS\LAPTE\DOCUMENTS\4_COURSE\MPS\25\COUNTER.ASM 37 : Found opcode in column 1. (MOVWF)
Warning[203] C:\USERS\LAPTE\DOCUMENTS\4_COURSE\MPS\25\COUNTER.ASM 38 : Found opcode in column 1. (MOVLW)
Warning[203] C:\USERS\LAPTE\DOCUMENTS\4_COURSE\MPS\25\COUNTER.ASM 39 : Found opcode in column 1. (MOVWF)
Warning[203] C:\USERS\LAPTE\DOCUMENTS\4_COURSE\MPS\25\COUNTER.ASM 43 : Found opcode in column 1. (DECFSZ)
Message[305] C:\USERS\LAPTE\DOCUMENTS\4_COURSE\MPS\25\COUNTER.ASM 43 : Using default destination of 1 (file).
Warning[203] C:\USERS\LAPTE\DOCUMENTS\4_COURSE\MPS\25\COUNTER.ASM 44 : Found opcode in column 1. (GOTO)
Warning[203] C:\USERS\LAPTE\DOCUMENTS\4_COURSE\MPS\25\COUNTER.ASM 45 : Found opcode in column 1. (DECFSZ)
Message[305] C:\USERS\LAPTE\DOCUMENTS\4_COURSE\MPS\25\COUNTER.ASM 45 : Using default destination of 1 (file).
Warning[203] C:\USERS\LAPTE\DOCUMENTS\4_COURSE\MPS\25\COUNTER.ASM 46 : Found opcode in column 1. (GOTO)
Warning[203] C:\USERS\LAPTE\DOCUMENTS\4_COURSE\MPS\25\COUNTER.ASM 47 : Found opcode in column 1. (DECFSZ)
Message[305] C:\USERS\LAPTE\DOCUMENTS\4_COURSE\MPS\25\COUNTER.ASM 47 : Using default destination of 1 (file).
Warning[203] C:\USERS\LAPTE\DOCUMENTS\4_COURSE\MPS\25\COUNTER.ASM 48 : Found opcode in column 1. (GOTO)
Warning[203] C:\USERS\LAPTE\DOCUMENTS\4_COURSE\MPS\25\COUNTER.ASM 49 : Found opcode in column 1. (RETURN)
Warning[205] C:\USERS\LAPTE\DOCUMENTS\4_COURSE\MPS\25\COUNTER.ASM 50 : Found directive in column 1. (END)
