MACRO ASSEMBLER VARIABLES                                   12/25/120 10:12:45 PAGE     1


WIN32 MACRO ASSEMBLER A51 V6.03.08
OBJECT MODULE PLACED IN Z:\世挛\1.6V2\VARIABLES.OBJ
ASSEMBLER INVOKED BY: A51.EXE Z:\世挛\1.6V2\VARIABLES.ASM OJ(Z:\世挛\1.6V2\VARIABLES.OBJ) PIN(C:\FSI\INC) EP LINES PR(Z:\世挛\1.6V2\VARIABLES.LST) XR DB PW(80) RB(0) 

LOC     OBJ           LINE    SOURCE
                         1    PUBLIC MODENUMBER, DELAYDURATION, ALLOWCHANGEFRAME, TWENTYSEC, MODEWASCHANGED, PROGDELAYDURATION, GREENCOUNTER, GREENDURATION, DIRECTION, PREVSTATE3, TEMP, WASCHANGED
                         2    	
  0032                   3    	MODENUMBER DATA 32H
  0033                   4    	DELAYDURATION DATA 33H
  0034                   5    	TWENTYSEC DATA 34H
  0036                   6    	PROGDELAYDURATION DATA 36H
  0037                   7    	GREENCOUNTER DATA 37H
  0038                   8    	GREENDURATION DATA 38H
  0039                   9    	PREVSTATE3 DATA 39H
  0040                  10    	TEMP DATA 40H
  0000                  11    	ALLOWCHANGEFRAME BIT 20H.0
  0001                  12    	MODEWASCHANGED BIT 20H.1
  0002                  13    	DIRECTION BIT 20H.2
  0003                  14    	WASCHANGED BIT 20H.3
                        15    	
                        16    	
                        17    	
                        18    		 
                        19    
                        20    
                        21    
                        22    
                        23    
                        24    
                        25    
                        26    
                        27    
                        28    
                        29    
                        30    
                        31    
                        32    
                        33    
                        34    
                        35    
                        36    
                        37    
                        38    
                        39    
                        40    
                        41    
                        42    
                        43    
                        44    
                        45    
                        46    
                        47    
                        48    
                        49    
                        50    
                        51    
                        52    
                        53    
                        54    
                        55    
                        56    
                        57    
                        58    
                        59    
                        60    
                        61    
                        62    
                        63    
                        64    
                        65    
                        66    
                        67    
                        68    
                        69    
                        70    
                        71    
                        72    
                        73    
                        74    
                        75    
                        76    
                        77    
                        78    
                        79    
                        80    
                        81    
                        82    
                        83    
                        84    
                        85    
                        86    
                        87    
                        88    
                        89    
                        90    
                        91    
                        92    
                        93    
                        94    
                        95    
                        96    
                        97    
                        98    
                        99    
                       100    
                       101    
                       102    
                       103    
                       104    
                       105    
                       106    
                       107    
                       108    
                       109    
                       110    
                       111    
                       112    
                       113    
                       114    
                       115    
                       116    
                       117    
                       118    
                       119    
                       120    
                       121    
                       122    
                       123    
                       124    
                       125    
                       126    
                       127    
                       128    
                       129    
                       130    
                       131    
                       132    
                       133    
                       134    
                       135    
                       136    
                       137    
                       138    
                       139    
                       140    
                       141    
                       142    
                       143    
                       144    
                       145    
                       146    
                       147    
                       148    
                       149    
                       150    
                       151    
                       152    
                       153    
                       154    
                       155    
                       156    
                       157    
                       158    
                       159    
                       160    
                       161    
                       162    
                       163    
                       164    
                       165    
                       166    
                       167    
                       168    
                       169    
                       170    
                       171    
                       172    
                       173    
                       174    
                       175    
                       176    
                       177    
                       178    
                       179    
                       180    
                       181    
                       182    
                       183    
                       184    
                       185    
                       186    
                       187    
                       188    
                       189    
                       190    
                       191    
                       192    
                       193    
                       194    
                       195    
                       196    
                       197    
                       198    
                       199    
                       200    
                       201    
                       202    
                       203    
                       204    
                       205    
                       206    
                       207    
                       208    
                       209    
                       210    
                       211    
                       212    
                       213    
                       214    
                       215    
                       216    
                       217    
                       218    
                       219    
                       220    
                       221    
                       222    
                       223    
                       224    
                       225    
                       226    
                       227    
                       228    
                       229    
                       230    
                       231    
                       232    
                       233    
                       234    
                       235    
                       236    
                       237    
                       238    
                       239    
                       240    
                       241    
                       242    
                       243    
                       244    
                       245    
                       246    
                       247    
                       248    
                       249    
                       250    
                       251    
                       252    
                       253    
                       254    
                       255    
                       256    
                       257    
                       258    
                       259    
                       260    
                       261    
                       262    
                       263    
                       264    
                       265    
                       266    
                       267    
                       268    
                       269    
                       270    
                       271    
                       272    
                       273    

*** WARNING #87 IN LINE 273 OF variables.asm : MISSING 'END' STATEMENT
MACRO ASSEMBLER VARIABLES                                   12/25/120 10:12:45 PAGE     2


SYMBOL TABLE LISTING
------ ----- -------


N A M E             T Y P E  V A L U E   ATTRIBUTES             REFERENCES

DIRECTION. . . . .  B ADDR   0020H.2 A                          1 13# 
TWENTYSEC. . . . .  D ADDR   0034H   A                          1 5# 
PROGDELAYDURATION.  D ADDR   0036H   A                          1 6# 
MODENUMBER . . . .  D ADDR   0032H   A                          1 3# 
ALLOWCHANGEFRAME .  B ADDR   0020H.0 A                          1 11# 
PREVSTATE3 . . . .  D ADDR   0039H   A                          1 9# 
GREENCOUNTER . . .  D ADDR   0037H   A                          1 7# 
WASCHANGED . . . .  B ADDR   0020H.3 A                          1 14# 
DELAYDURATION. . .  D ADDR   0033H   A                          1 4# 
TEMP . . . . . . .  D ADDR   0040H   A                          1 10# 
GREENDURATION. . .  D ADDR   0038H   A                          1 8# 
MODEWASCHANGED . .  B ADDR   0020H.1 A                          1 12# 



MODULE INFORMATION:   STATIC OVERLAYABLE
   CODE SIZE        =   ----    ----
   XDATA SIZE       =   ----    ----
   DATA SIZE        =   ----    ----
   IDATA SIZE       =   ----    ----
   BIT SIZE         =   ----    ----
END OF MODULE INFORMATION.


REGISTER BANK(S) USED : 0 

ASSEMBLY COMPLETE.   1 WARNING(S)   0 ERROR(S)
