Warning[205] C:\USERS\LAPTE\DOCUMENTS\4_COURSE\MPS\21\21.ASM 1 : Found directive in column 1. (include)
Message[301] D:\MICROCHIP\MPASM SUITE\P16F84.INC 37 : MESSAGE: (Processor-header file mismatch.  Verify selected processor.)
Warning[205] C:\USERS\LAPTE\DOCUMENTS\4_COURSE\MPS\21\21.ASM 5 : Found directive in column 1. (ORG)
Warning[203] C:\USERS\LAPTE\DOCUMENTS\4_COURSE\MPS\21\21.ASM 6 : Found opcode in column 1. (GOTO)
Warning[203] C:\USERS\LAPTE\DOCUMENTS\4_COURSE\MPS\21\21.ASM 8 : Found opcode in column 1. (BCF)
Warning[203] C:\USERS\LAPTE\DOCUMENTS\4_COURSE\MPS\21\21.ASM 9 : Found opcode in column 1. (BSF)
Warning[203] C:\USERS\LAPTE\DOCUMENTS\4_COURSE\MPS\21\21.ASM 10 : Found opcode in column 1. (MOVLW)
Warning[203] C:\USERS\LAPTE\DOCUMENTS\4_COURSE\MPS\21\21.ASM 11 : Found opcode in column 1. (MOVWF)
Message[302] C:\USERS\LAPTE\DOCUMENTS\4_COURSE\MPS\21\21.ASM 11 : Register in operand not in bank 0.  Ensure that bank bits are correct.
Warning[203] C:\USERS\LAPTE\DOCUMENTS\4_COURSE\MPS\21\21.ASM 12 : Found opcode in column 1. (MOVLW)
Warning[203] C:\USERS\LAPTE\DOCUMENTS\4_COURSE\MPS\21\21.ASM 13 : Found opcode in column 1. (MOVWF)
Message[302] C:\USERS\LAPTE\DOCUMENTS\4_COURSE\MPS\21\21.ASM 13 : Register in operand not in bank 0.  Ensure that bank bits are correct.
Warning[203] C:\USERS\LAPTE\DOCUMENTS\4_COURSE\MPS\21\21.ASM 14 : Found opcode in column 1. (BCF)
Warning[203] C:\USERS\LAPTE\DOCUMENTS\4_COURSE\MPS\21\21.ASM 16 : Found opcode in column 1. (CLRW)
Warning[203] C:\USERS\LAPTE\DOCUMENTS\4_COURSE\MPS\21\21.ASM 17 : Found opcode in column 1. (CLRF)
Warning[203] C:\USERS\LAPTE\DOCUMENTS\4_COURSE\MPS\21\21.ASM 18 : Found opcode in column 1. (MOVF)
Warning[203] C:\USERS\LAPTE\DOCUMENTS\4_COURSE\MPS\21\21.ASM 19 : Found opcode in column 1. (ANDLW)
Warning[203] C:\USERS\LAPTE\DOCUMENTS\4_COURSE\MPS\21\21.ASM 20 : Found opcode in column 1. (MOVWF)
Warning[203] C:\USERS\LAPTE\DOCUMENTS\4_COURSE\MPS\21\21.ASM 21 : Found opcode in column 1. (SWAPF)
Warning[203] C:\USERS\LAPTE\DOCUMENTS\4_COURSE\MPS\21\21.ASM 22 : Found opcode in column 1. (MOVF)
Warning[203] C:\USERS\LAPTE\DOCUMENTS\4_COURSE\MPS\21\21.ASM 23 : Found opcode in column 1. (ANDLW)
Warning[203] C:\USERS\LAPTE\DOCUMENTS\4_COURSE\MPS\21\21.ASM 24 : Found opcode in column 1. (IORWF)
Warning[203] C:\USERS\LAPTE\DOCUMENTS\4_COURSE\MPS\21\21.ASM 25 : Found opcode in column 1. (ADDLW)
Warning[203] C:\USERS\LAPTE\DOCUMENTS\4_COURSE\MPS\21\21.ASM 26 : Found opcode in column 1. (MOVWF)
Warning[203] C:\USERS\LAPTE\DOCUMENTS\4_COURSE\MPS\21\21.ASM 27 : Found opcode in column 1. (CLRW)
Warning[203] C:\USERS\LAPTE\DOCUMENTS\4_COURSE\MPS\21\21.ASM 28 : Found opcode in column 1. (BTFSC)
Warning[203] C:\USERS\LAPTE\DOCUMENTS\4_COURSE\MPS\21\21.ASM 29 : Found opcode in column 1. (INCF)
Warning[203] C:\USERS\LAPTE\DOCUMENTS\4_COURSE\MPS\21\21.ASM 30 : Found opcode in column 1. (MOVWF)
Warning[203] C:\USERS\LAPTE\DOCUMENTS\4_COURSE\MPS\21\21.ASM 31 : Found opcode in column 1. (GOTO)
Warning[205] C:\USERS\LAPTE\DOCUMENTS\4_COURSE\MPS\21\21.ASM 32 : Found directive in column 1. (END)
