Removed Pin From Net: NetName=+12 Pin=D1-1
Removed Pin From Net: NetName=+12 Pin=XS1-1
Change Component Designator: OldDesignator=LS1 NewDesignator=BA1
Change Component Designator: OldDesignator=MCU1 NewDesignator=DD1
Change Component Designator: OldDesignator=Q1 NewDesignator=VT1
Change Component Designator: OldDesignator=Q2 NewDesignator=VT2
Change Net Name : Old Net Name=+5 New Net Name=VCC
Change Net Name : Old Net Name=+12 New Net Name=before_stab
Change Net Name : Old Net Name=NetDPY1_11 New Net Name=NetDD1_15
Change Net Name : Old Net Name=NetDPY1_12 New Net Name=NetDD1_14
Change Net Name : Old Net Name=NetDPY1_13 New Net Name=NetDD1_16
Change Net Name : Old Net Name=NetLS1_2 New Net Name=NetBA1_2
Change Net Name : Old Net Name=NetMCU1_1 New Net Name=NetDD1_1
Change Net Name : Old Net Name=NetMCU1_2 New Net Name=NetDD1_2
Change Net Name : Old Net Name=NetMCU1_3 New Net Name=NetDD1_3
Change Net Name : Old Net Name=NetMCU1_17 New Net Name=NetDD1_17
Change Net Name : Old Net Name=NetMCU1_26 New Net Name=NetDD1_26
Change Net Name : Old Net Name=NetMCU1_27 New Net Name=NetDD1_27
Change Net Name : Old Net Name=NetMCU1_28 New Net Name=NetDD1_28
Change Net Name : Old Net Name=NetQ1_2 New Net Name=NetR10_1
Change Net Name : Old Net Name=NetQ2_2 New Net Name=NetR12_1
Added Pin To Net: NetName=+12 Pin=D1-1
Added Pin To Net: NetName=+12 Pin=XS1-1
Added Net: Name=+12
Added Member To Class: ClassName=Schem_controller Member=Component C3 
Added Member To Class: ClassName=Schem_controller Member=Component C4 
