Removed Pin From Net: NetName=NetBR1_1 Pin=MCU1-1
Removed Pin From Net: NetName=NetBR1_3 Pin=MCU1-2
Removed Pin From Net: NetName=-12V Pin=MCU1-3
Removed Pin From Net: NetName=+5 Pin=MCU1-4
Removed Pin From Net: NetName=-12V Pin=MCU1-5
Removed Pin From Net: NetName=+5 Pin=MCU1-6
Removed Pin From Net: NetName=NetC1_2 Pin=MCU1-7
Removed Pin From Net: NetName=NetC3_2 Pin=MCU1-8
Removed Pin From Net: NetName=E Pin=MCU1-9
Removed Pin From Net: NetName=RS Pin=MCU1-10
Removed Pin From Net: NetName=D7 Pin=MCU1-11
Removed Pin From Net: NetName=NetDPY1_12 Pin=MCU1-12
Removed Pin From Net: NetName=NetDPY1_11 Pin=MCU1-13
Removed Pin From Net: NetName=NetDPY1_13 Pin=MCU1-14
Removed Pin From Net: NetName=-12V Pin=MCU1-19
Removed Pin From Net: NetName=-12V Pin=MCU1-21
Removed Pin From Net: NetName=NetBR1_5 Pin=MCU1-31
Change Component Footprint: Designator=MCU1 Old Footprint=32A_L New Footprint=28P3
Change Component Comment : Designator=MCU1 Old Comment= New Comment=ATmega8-16PU
Change component parameters: Designator = "MCU1"; Footprint = "28P3"; UniqueID = "\RRAWHYEF"
Change component parameters. Clean all parameters for all variants
Change component parameters (AddParameter): Name = "ComponentLink1Description"; Value = "Manufacturer URL"; VariantName = "[No Variations]"
Change component parameters (AddParameter): Name = "ComponentLink1URL"; Value = "http://www.atmel.com/"; VariantName = "[No Variations]"
Change component parameters (AddParameter): Name = "ComponentLink2Description"; Value = "ATmega8(L)"; VariantName = "[No Variations]"
Change component parameters (AddParameter): Name = "ComponentLink2URL"; Value = "http://www.atmel.com/dyn/resources/prod_documents/doc2486.pdf"; VariantName = "[No Variations]"
Change component parameters (AddParameter): Name = "ComponentLink3Description"; Value = "ATmega8(L) Summary"; VariantName = "[No Variations]"
Change component parameters (AddParameter): Name = "ComponentLink3URL"; Value = "http://www.atmel.com/dyn/resources/prod_documents/2486S.pdf"; VariantName = "[No Variations]"
Change component parameters (AddParameter): Name = "DatasheetVersion"; Value = "revZ, Feb-2011"; VariantName = "[No Variations]"
Change component parameters (AddParameter): Name = "PackageDescription"; Value = "28-lead (0.300"/7.62mm Wide) Plastic Dual Inline Package (PDIP)"; VariantName = "[No Variations]"
Change component parameters (AddParameter): Name = "PackageReference"; Value = "28P3"; VariantName = "[No Variations]"
Change component parameters (AddParameter): Name = "PackageVersion"; Value = "revB, Sep-2001"; VariantName = "[No Variations]"
Added Pin To Net: NetName=NetBR1_5 Pin=MCU1-3
Added Pin To Net: NetName=NetBR1_1 Pin=MCU1-5
Added Pin To Net: NetName=NetBR1_3 Pin=MCU1-6
Added Pin To Net: NetName=+5 Pin=MCU1-7
Added Pin To Net: NetName=-12V Pin=MCU1-8
Added Pin To Net: NetName=NetC1_2 Pin=MCU1-9
Added Pin To Net: NetName=NetC3_2 Pin=MCU1-10
Added Pin To Net: NetName=E Pin=MCU1-11
Added Pin To Net: NetName=RS Pin=MCU1-12
Added Pin To Net: NetName=D7 Pin=MCU1-13
Added Pin To Net: NetName=NetDPY1_12 Pin=MCU1-14
Added Pin To Net: NetName=NetDPY1_11 Pin=MCU1-15
Added Pin To Net: NetName=NetDPY1_13 Pin=MCU1-16
Added Pin To Net: NetName=NetMCU1_1 Pin=MCU1-1
Added Pin To Net: NetName=NetMCU1_1 Pin=R8-1
Added Net: Name=NetMCU1_1
Added Pin To Net: NetName=NetMCU1_2 Pin=MCU1-2
Added Pin To Net: NetName=NetMCU1_2 Pin=R7-1
Added Net: Name=NetMCU1_2
Added Pin To Net: NetName=NetMCU1_17 Pin=MCU1-17
Added Pin To Net: NetName=NetMCU1_17 Pin=R4-2
Added Net: Name=NetMCU1_17
