MACRO ASSEMBLER VARS                                        10/04/121 18:43:31 PAGE     1


WIN32 MACRO ASSEMBLER A51 V6.03.08
OBJECT MODULE PLACED IN Z:\世挛\1.3\VARS.OBJ
ASSEMBLER INVOKED BY: A51.EXE Z:\世挛\1.3\VARS.ASM OJ(Z:\世挛\1.3\VARS.OBJ) PIN(C:\FSI\INC) EP LINES PR(Z:\世挛\1.3\VARS.LST) XR DB PW(80) RB(0) 

LOC     OBJ           LINE    SOURCE
                         1    	PUBLIC NUMBER1, NUMBER2, TEMP1, TEMP2, TEMP3, TEMP4, RESULT
                         2    	
  0030                   3    	NUMBER1 DATA 0030H
  0038                   4       NUMBER2 DATA 0038H
                         5       
  0040                   6       TEMP1 DATA 40H
  0049                   7    	TEMP2 DATA 49H
  0052                   8    	TEMP3 DATA 52H
                         9    	
  0059                  10    	TEMP4 DATA 59H
  0060                  11       RESULT DATA 60H 
                        12    
                        13    
                        14    
                        15    
                        16    
                        17    
                        18    
                        19    
                        20    
                        21    
                        22    
                        23    
                        24    
                        25    
                        26    
                        27    
                        28    
                        29    
                        30    
                        31    
                        32    
                        33    
                        34    
                        35    
                        36    
                        37    
                        38    
                        39    
                        40    
                        41    
                        42    
                        43    
                        44    
                        45    
                        46    
                        47    
                        48    
                        49    
                        50    
                        51    
                        52    
                        53    
                        54    
                        55    
                        56    
                        57    
                        58    
                        59    
                        60    
                        61    
                        62    
                        63    
                        64    
                        65    
                        66    
                        67    
                        68    
                        69    
                        70    
                        71    
                        72    
                        73    
                        74    
                        75    
                        76    
                        77    
                        78    
                        79    
                        80    

*** WARNING #87 IN LINE 80 OF vars.asm : MISSING 'END' STATEMENT
MACRO ASSEMBLER VARS                                        10/04/121 18:43:31 PAGE     2


SYMBOL TABLE LISTING
------ ----- -------


N A M E             T Y P E  V A L U E   ATTRIBUTES             REFERENCES

TEMP1. . . . . . .  D ADDR   0040H   A                          1 6# 
TEMP2. . . . . . .  D ADDR   0049H   A                          1 7# 
TEMP3. . . . . . .  D ADDR   0052H   A                          1 8# 
TEMP4. . . . . . .  D ADDR   0059H   A                          1 10# 
NUMBER1. . . . . .  D ADDR   0030H   A                          1 3# 
NUMBER2. . . . . .  D ADDR   0038H   A                          1 4# 
RESULT . . . . . .  D ADDR   0060H   A                          1 11# 



MODULE INFORMATION:   STATIC OVERLAYABLE
   CODE SIZE        =   ----    ----
   XDATA SIZE       =   ----    ----
   DATA SIZE        =   ----    ----
   IDATA SIZE       =   ----    ----
   BIT SIZE         =   ----    ----
END OF MODULE INFORMATION.


REGISTER BANK(S) USED : 0 

ASSEMBLY COMPLETE.   1 WARNING(S)   0 ERROR(S)
