MACRO ASSEMBLER LAB1_0                                      12/01/122 13:29:25 PAGE     1


WIN32 MACRO ASSEMBLER A51 V6.03.08
OBJECT MODULE PLACED IN C:\LAPTEV\LAB1\LAB1_0.OBJ
ASSEMBLER INVOKED BY: A51.EXE C:\LAPTEV\LAB1\LAB1_0.ASM OJ(C:\LAPTEV\LAB1\LAB1_0.OBJ) PIN(C:\FSI\INC) EP LINES PR(C:\LAPTEV\LAB1\LAB1_0.LST) XR DB PW(80) RB(0) 

LOC     OBJ           LINE    SOURCE
                         1    NAME LAB1
                         2    
                         3    MAIN SEGMENT CODE
------                   4    CSEG AT 0
                         5    
0000    020000   F       6    LJMP START
                         7    USING 0
------                   8    RSEG MAIN
                         9    
                        10    START:  
                        11    
0000    7405            12    MOV A, #5                             
0002    2578            13    ADD A, 78H 
0004    900001          14    MOV DPTR, #1
0007    F0              15    MOVX @DPTR, A  
0008    E4              16    CLR A
0009    3400            17    ADDC A, #0
000B    900000          18    MOV DPTR, #0
000E    F0              19    MOVX @DPTR, A  
                        20    
000F    020000   F      21    LJMP START
                        22      
                        23    END
MACRO ASSEMBLER LAB1_0                                      12/01/122 13:29:25 PAGE     2


SYMBOL TABLE LISTING
------ ----- -------


N A M E             T Y P E  V A L U E   ATTRIBUTES             REFERENCES

MAIN . . . . . . .  C SEG    0012H      REL=UNIT                8# 
START. . . . . . .  C ADDR   0000H   R  SEG=MAIN                6 10# 21 
LAB1 . . . . . . .  N NUMB   -----



MODULE INFORMATION:   STATIC OVERLAYABLE
   CODE SIZE        =     21    ----
   XDATA SIZE       =   ----    ----
   DATA SIZE        =   ----    ----
   IDATA SIZE       =   ----    ----
   BIT SIZE         =   ----    ----
END OF MODULE INFORMATION.


REGISTER BANK(S) USED : 0 

ASSEMBLY COMPLETE.   0 WARNING(S)   0 ERROR(S)
