MACRO ASSEMBLER LAB1_4                                      01/10/123 12:47:02 PAGE     1


WIN32 MACRO ASSEMBLER A51 V6.03.08
OBJECT MODULE PLACED IN C:\LAPTEV\LAB1\LAB1_4.OBJ
ASSEMBLER INVOKED BY: A51.EXE C:\LAPTEV\LAB1\LAB1_4.ASM OJ(C:\LAPTEV\LAB1\LAB1_4.OBJ) PIN(C:\FSI\INC) EP LINES PR(C:\LAPTEV\LAB1\LAB1_4.LST) XR DB PW(80) RB(0) 

LOC     OBJ           LINE    SOURCE
                         1    NAME LAB1_5    
                         2    EXTRN CODE (ZADERJKA)
                         3    MAIN SEGMENT CODE
------                   4    CSEG AT 1
0001    120000   F       5    CALL START
------                   6    CSEG AT 001BH
001B    020000   F       7    JMP OBRABOTCHIK
                         8    USING 1
                         9    
------                  10    RSEG MAIN
                        11    START:  
0000    120000   F      12    CALL ZADERJKA 		
                        13    OSNPROG:   			
0003    B40003          14    CJNE A , #00H, LOOP1
0006    020000   F      15    JMP OSNPROG
                        16    LOOP1:  
0009    020000   F      17    JMP START
                        18    OBRABOTCHIK:  
000C    DB0A            19    	DJNZ R3, RESETTIMER	
000E    C28E            20    	CLR TR1		
0010    C2AF            21    	CLR IE.7	 	  
0012    C2AB            22    	CLR ET1		
0014    C2BB            23    	CLR PT1		
0016    7405            24    	MOV A, #05H	
                        25    RESETTIMER:  
0018    32              26    RETI			
                        27    END
MACRO ASSEMBLER LAB1_4                                      01/10/123 12:47:02 PAGE     2


SYMBOL TABLE LISTING
------ ----- -------


N A M E             T Y P E  V A L U E   ATTRIBUTES             REFERENCES

RESETTIMER . . . .  C ADDR   0018H   R  SEG=MAIN                19 25# 
MAIN . . . . . . .  C SEG    0019H      REL=UNIT                10# 
OSNPROG. . . . . .  C ADDR   0003H   R  SEG=MAIN                13# 15 
OBRABOTCHIK. . . .  C ADDR   000CH   R  SEG=MAIN                7 18# 
ET1. . . . . . . .  B ADDR   00A8H.3 A                          22 
LOOP1. . . . . . .  C ADDR   0009H   R  SEG=MAIN                14 16# 
ZADERJKA . . . . .  C ADDR   -----      EXT                     2# 12 
START. . . . . . .  C ADDR   0000H   R  SEG=MAIN                5 11# 17 
IE . . . . . . . .  D ADDR   00A8H   A                          21 
PT1. . . . . . . .  B ADDR   00B8H.3 A                          23 
TR1. . . . . . . .  B ADDR   0088H.6 A                          20 
LAB1_5 . . . . . .  N NUMB   -----



MODULE INFORMATION:   STATIC OVERLAYABLE
   CODE SIZE        =     31    ----
   XDATA SIZE       =   ----    ----
   DATA SIZE        =   ----    ----
   IDATA SIZE       =   ----    ----
   BIT SIZE         =   ----    ----
END OF MODULE INFORMATION.


REGISTER BANK(S) USED : 0 1 

ASSEMBLY COMPLETE.   0 WARNING(S)   0 ERROR(S)
