Warning[205] C:\USERS\KC-209-12\DOWNLOADS\24.ASM 2 : Found directive in column 1. (include)
Message[301] C:\PROGRAM FILES (X86)\MICROCHIP\MPASM SUITE\P16F84.INC 33 : MESSAGE: (Processor-header file mismatch.  Verify selected processor.)
Warning[205] C:\USERS\KC-209-12\DOWNLOADS\24.ASM 4 : Found directive in column 1. (ORG)
Warning[203] C:\USERS\KC-209-12\DOWNLOADS\24.ASM 5 : Found opcode in column 1. (GOTO)
Warning[205] C:\USERS\KC-209-12\DOWNLOADS\24.ASM 6 : Found directive in column 1. (ORG)
Warning[203] C:\USERS\KC-209-12\DOWNLOADS\24.ASM 7 : Found opcode in column 1. (GOTO)
Warning[203] C:\USERS\KC-209-12\DOWNLOADS\24.ASM 9 : Found opcode in column 1. (DECFSZ)
Warning[203] C:\USERS\KC-209-12\DOWNLOADS\24.ASM 10 : Found opcode in column 1. (GOTO)
Warning[203] C:\USERS\KC-209-12\DOWNLOADS\24.ASM 11 : Found opcode in column 1. (MOVLW)
Warning[203] C:\USERS\KC-209-12\DOWNLOADS\24.ASM 12 : Found opcode in column 1. (MOVWF)
Warning[203] C:\USERS\KC-209-12\DOWNLOADS\24.ASM 14 : Found opcode in column 1. (BCF)
Warning[203] C:\USERS\KC-209-12\DOWNLOADS\24.ASM 15 : Found opcode in column 1. (RETFIE)
Warning[203] C:\USERS\KC-209-12\DOWNLOADS\24.ASM 17 : Found opcode in column 1. (BCF)
Warning[203] C:\USERS\KC-209-12\DOWNLOADS\24.ASM 18 : Found opcode in column 1. (BSF)
Warning[203] C:\USERS\KC-209-12\DOWNLOADS\24.ASM 20 : Found opcode in column 1. (MOVLW)
Warning[203] C:\USERS\KC-209-12\DOWNLOADS\24.ASM 21 : Found opcode in column 1. (MOVWF)
Message[302] C:\USERS\KC-209-12\DOWNLOADS\24.ASM 21 : Register in operand not in bank 0.  Ensure that bank bits are correct.
Warning[203] C:\USERS\KC-209-12\DOWNLOADS\24.ASM 22 : Found opcode in column 1. (BCF)
Warning[203] C:\USERS\KC-209-12\DOWNLOADS\24.ASM 23 : Found opcode in column 1. (MOVLW)
Warning[203] C:\USERS\KC-209-12\DOWNLOADS\24.ASM 24 : Found opcode in column 1. (MOVWF)
Warning[203] C:\USERS\KC-209-12\DOWNLOADS\24.ASM 25 : Found opcode in column 1. (MOVLW)
Warning[203] C:\USERS\KC-209-12\DOWNLOADS\24.ASM 26 : Found opcode in column 1. (MOVWF)
Warning[203] C:\USERS\KC-209-12\DOWNLOADS\24.ASM 27 : Found opcode in column 1. (MOVLW)
Warning[203] C:\USERS\KC-209-12\DOWNLOADS\24.ASM 28 : Found opcode in column 1. (MOVWF)
Warning[203] C:\USERS\KC-209-12\DOWNLOADS\24.ASM 30 : Found opcode in column 1. (BTFSC)
Warning[203] C:\USERS\KC-209-12\DOWNLOADS\24.ASM 31 : Found opcode in column 1. (GOTO)
Warning[203] C:\USERS\KC-209-12\DOWNLOADS\24.ASM 32 : Found opcode in column 1. (GOTO)
Warning[205] C:\USERS\KC-209-12\DOWNLOADS\24.ASM 33 : Found directive in column 1. (END)
